[debug] [2021-10-28T22:01:16.494Z] ----------------------------------------------------------------------
[debug] [2021-10-28T22:01:16.498Z] Command:       C:\Program Files\nodejs\node.exe C:\Users\hp\AppData\Roaming\npm\node_modules\firebase-tools\lib\bin\firebase.js deploy
[debug] [2021-10-28T22:01:16.499Z] CLI Version:   9.21.0
[debug] [2021-10-28T22:01:16.499Z] Platform:      win32
[debug] [2021-10-28T22:01:16.499Z] Node Version:  v14.18.1
[debug] [2021-10-28T22:01:16.501Z] Time:          Thu Oct 28 2021 15:01:16 GMT-0700 (Pacific Daylight Time)
[debug] [2021-10-28T22:01:16.501Z] ----------------------------------------------------------------------
[debug] 
[debug] [2021-10-28T22:01:16.605Z] > command requires scopes: ["email","openid","https://www.googleapis.com/auth/cloudplatformprojects.readonly","https://www.googleapis.com/auth/firebase","https://www.googleapis.com/auth/cloud-platform"]
[debug] [2021-10-28T22:01:16.606Z] > authorizing via signed-in user (shakilhassan617@gmail.com)
[debug] [2021-10-28T22:01:16.606Z] [iam] checking project hassan-4fb12 for permissions ["firebase.projects.get","firebasehosting.sites.update"]
[debug] [2021-10-28T22:01:16.610Z] > refreshing access token with scopes: ["email","https://www.googleapis.com/auth/cloud-platform","https://www.googleapis.com/auth/cloudplatformprojects.readonly","https://www.googleapis.com/auth/firebase","openid"]
[debug] [2021-10-28T22:01:16.610Z] >>> HTTP REQUEST POST https://www.googleapis.com/oauth2/v3/token  
 <request body omitted>
[debug] [2021-10-28T22:01:40.764Z] [iam] error while checking permissions, command may fail: FirebaseError: Authentication Error: Your credentials are no longer valid. Please run firebase login --reauth

For CI servers and headless environments, generate a new token with firebase login:ci
[debug] [2021-10-28T22:01:40.774Z] >>> [apiv2][query] GET https://firebase.googleapis.com/v1beta1/projects/hassan-4fb12 [none]
[debug] [2021-10-28T22:02:02.906Z] Failed to make request to https://firebase.googleapis.com/v1beta1/projects/hassan-4fb12
[debug] [2021-10-28T22:02:23.981Z] FirebaseError: Failed to make request to https://firebase.googleapis.com/v1beta1/projects/hassan-4fb12
    at Client.doRequest (C:\Users\hp\AppData\Roaming\npm\node_modules\firebase-tools\lib\apiv2.js:213:19)
    at processTicksAndRejections (internal/process/task_queues.js:95:5)
    at async Client.request (C:\Users\hp\AppData\Roaming\npm\node_modules\firebase-tools\lib\apiv2.js:96:20)
    at async Object.getFirebaseProject (C:\Users\hp\AppData\Roaming\npm\node_modules\firebase-tools\lib\management\projects.js:290:21)
    at async Object.getDefaultHostingSite (C:\Users\hp\AppData\Roaming\npm\node_modules\firebase-tools\lib\getDefaultHostingSite.js:8:21)
    at async requireHostingSite (C:\Users\hp\AppData\Roaming\npm\node_modules\firebase-tools\lib\requireHostingSite.js:9:18)
    at async Object.fn (C:\Users\hp\AppData\Roaming\npm\node_modules\firebase-tools\lib\commands\deploy.js:65:9)
    at async C:\Users\hp\AppData\Roaming\npm\node_modules\firebase-tools\lib\command.js:188:17
[error] 
[error] Error: Failed to get Firebase project hassan-4fb12. Please make sure the project exists and your account has permission to access it.
